<?xml version="1.0" encoding="UTF-8"?>
<!-- Generated by org.testng.reporters.JUnitReportReporter -->
<testsuite hostname="DESKTOP-UGNGHO0" failures="0" tests="6" name="testcases.DataDrivenTests" time="10.963" errors="0" timestamp="2024-07-16T23:38:09 IST" skipped="0">
  <testcase classname="testcases.DataDrivenTests" name="testPostUser" time="1.300"/>
  <testcase classname="testcases.DataDrivenTests" name="testPostUser" time="4.809"/>
  <testcase classname="testcases.DataDrivenTests" name="testPostUser" time="1.207"/>
  <testcase classname="testcases.DataDrivenTests" name="testDeleteUserByName" time="1.136"/>
  <testcase classname="testcases.DataDrivenTests" name="testDeleteUserByName" time="1.209"/>
  <testcase classname="testcases.DataDrivenTests" name="testDeleteUserByName" time="1.302"/>
</testsuite> <!-- testcases.DataDrivenTests -->
