<?xml version="1.0" encoding="UTF-8"?>
<!-- Generated by org.testng.reporters.JUnitReportReporter -->
<testsuite hostname="DESKTOP-UGNGHO0" failures="0" tests="4" name="testcases.UserTest" time="6.084" errors="0" timestamp="2024-07-16T23:38:09 IST" skipped="0">
  <testcase classname="testcases.UserTest" name="testPostUser" time="1.276"/>
  <testcase classname="testcases.UserTest" name="testGetUserByName" time="1.368"/>
  <testcase classname="testcases.UserTest" name="testUpdateUser" time="2.316"/>
  <testcase classname="testcases.UserTest" name="testDeleteUserByName" time="1.124"/>
</testsuite> <!-- testcases.UserTest -->
