<?xml version="1.0" encoding="UTF-8"?>
<!-- Generated by org.testng.reporters.JUnitReportReporter -->
<testsuite hostname="DESKTOP-UGNGHO0" failures="0" tests="1" name="RestFrameworkpkg.AppTest" time="0.001" errors="0" timestamp="2024-07-16T23:38:09 IST" skipped="0">
  <testcase classname="RestFrameworkpkg.AppTest" name="testApp" time="0.001"/>
</testsuite> <!-- RestFrameworkpkg.AppTest -->
