<?xml version="1.0" encoding="UTF-8"?>
<!-- Generated by org.testng.reporters.JUnitReportReporter -->
<testsuite hostname="DESKTOP-UGNGHO0" failures="0" tests="4" name="testcases.UserTest_withprop" time="12.301" errors="0" timestamp="2024-07-16T23:10:45 IST" skipped="0">
  <testcase classname="testcases.UserTest_withprop" name="testPostUser" time="6.598"/>
  <testcase classname="testcases.UserTest_withprop" name="testGetUserByName" time="1.660"/>
  <testcase classname="testcases.UserTest_withprop" name="testUpdateUser" time="2.835"/>
  <testcase classname="testcases.UserTest_withprop" name="testDeleteUserByName" time="1.208"/>
</testsuite> <!-- testcases.UserTest_withprop -->
