<?xml version="1.0" encoding="UTF-8"?>
<!-- Generated by org.testng.reporters.JUnitReportReporter -->
<testsuite hostname="DESKTOP-UGNGHO0" failures="0" tests="6" name="testcases.DataDrivenTests" time="10.486" errors="0" timestamp="2024-07-16T02:24:29 IST" skipped="0">
  <testcase classname="testcases.DataDrivenTests" name="testPostUser" time="1.167"/>
  <testcase classname="testcases.DataDrivenTests" name="testPostUser" time="1.153"/>
  <testcase classname="testcases.DataDrivenTests" name="testPostUser" time="4.661"/>
  <testcase classname="testcases.DataDrivenTests" name="testDeleteUserByName" time="1.156"/>
  <testcase classname="testcases.DataDrivenTests" name="testDeleteUserByName" time="1.205"/>
  <testcase classname="testcases.DataDrivenTests" name="testDeleteUserByName" time="1.144"/>
</testsuite> <!-- testcases.DataDrivenTests -->
