<?xml version="1.0" encoding="UTF-8"?>
<!-- Generated by org.testng.reporters.JUnitReportReporter -->
<testsuite hostname="DESKTOP-UGNGHO0" failures="0" tests="4" name="testcases.UserTest" time="10.463" errors="0" timestamp="2024-07-16T02:59:29 IST" skipped="0">
  <testcase classname="testcases.UserTest" name="testPostUser" time="5.240"/>
  <testcase classname="testcases.UserTest" name="testGetUserByName" time="1.176"/>
  <testcase classname="testcases.UserTest" name="testUpdateUser" time="2.338"/>
  <testcase classname="testcases.UserTest" name="testDeleteUserByName" time="1.709"/>
</testsuite> <!-- testcases.UserTest -->
